<?xml version="1.0" encoding="UTF-8"?>
<!-- Generated by org.testng.reporters.JUnitXMLReporter -->
<testsuite ignored="0" hostname="Mac-mini-5.local" failures="0" tests="5" name="Default test" time="0.093" errors="0" timestamp="2022-01-30T16:15:53 NZDT">
  <testcase classname="qaclickacademy.Mavenjava.AppiumTest" name="IOSApp" time="0.013"/>
  <testcase classname="qaclickacademy.Mavenjava.AppiumTest" name="NativeAppAndroid" time="0.004"/>
  <testcase classname="qaclickacademy.Mavenjava.RESTAPITest" name="deleteTwitter" time="0.004"/>
  <testcase classname="qaclickacademy.Mavenjava.RESTAPITest" name="postJira" time="0.002"/>
  <testcase classname="qaclickacademy.Mavenjava.SeleniumTest" name="element" time="0.001"/>
</testsuite> <!-- Default test -->
