<?xml version="1.0" encoding="UTF-8"?>
<!-- Generated by org.testng.reporters.JUnitXMLReporter -->
<testsuite ignored="0" hostname="Mac-mini-5.local" failures="0" tests="6" name="Test" time="0.1" errors="0" timestamp="2022-01-30T21:13:31 NZDT">
  <testcase classname="qaclickacademy.Mavenjava.RESTAPITest" name="deleteTwitter" time="0.017"/>
  <testcase classname="qaclickacademy.Mavenjava.RESTAPITest" name="postJira" time="0.002"/>
  <testcase classname="qaclickacademy.Mavenjava.AppiumTest" name="IOSApp" time="0.005"/>
  <testcase classname="qaclickacademy.Mavenjava.AppiumTest" name="NativeAppAndroid" time="0.002"/>
  <testcase classname="qaclickacademy.Mavenjava.SeleniumTest" name="BrowserAutomation" time="0.001"/>
  <testcase classname="qaclickacademy.Mavenjava.SeleniumTest" name="element" time="0.002"/>
</testsuite> <!-- Test -->
